<?xml version="1.0" encoding="UTF-8"?>
<!-- Generated by org.testng.reporters.JUnitXMLReporter -->
<testsuite ignored="0" hostname="DESKTOP-5EVK54D" failures="0" tests="5" name="Default test" time="4.209" errors="0" timestamp="2023-02-17T08:53:43 IST">
  <testcase classname="complexjson.JsonFileValidation" name="getPurchaseAmount" time="3.1"/>
  <testcase classname="complexjson.JsonFileValidation" name="getCourseCount" time="0.151"/>
  <testcase classname="complexjson.JsonFileValidation" name="getfirstCourseTitle" time="0.177"/>
  <testcase classname="complexjson.JsonFileValidation" name="getCourseTitleWithPrice" time="0.361"/>
  <testcase classname="complexjson.JsonFileValidation" name="getCourseCopies" time="0.235"/>
</testsuite> <!-- Default test -->
