<?xml version="1.0" encoding="UTF-8"?>
<!-- Generated by org.testng.reporters.JUnitXMLReporter -->
<testsuite ignored="0" hostname="DESKTOP-5EVK54D" failures="0" tests="4" name="Test" time="8.57" errors="0" timestamp="2023-02-24T08:32:04 IST">
  <testcase classname="ecomapi.Login" name="loginToApp" time="5.402"/>
  <testcase classname="ecomapi.AddProduct" name="addProduct" time="2.5"/>
  <testcase classname="ecomapi.PlaceOrder" name="addProduct" time="0.288"/>
  <testcase classname="ecomapi.DeleteProduct" name="addProduct" time="0.232"/>
</testsuite> <!-- Test -->
